reactNative/android/app/build/outputs/logs/manifest-merger-debug-report.txt
-- Merging decision tree log ---
manifest
ADDED from src/main/AndroidManifest.xml:1:1-39:12
	package
		ADDED from src/main/AndroidManifest.xml:2:5-28
		INJECTED from src/main/AndroidManifest.xml
		INJECTED from src/main/AndroidManifest.xml
	android:versionName
		ADDED from src/main/AndroidManifest.xml:4:5-30
		INJECTED from src/main/AndroidManifest.xml
		INJECTED from src/main/AndroidManifest.xml
	android:versionCode
		ADDED from src/main/AndroidManifest.xml:3:5-28
		INJECTED from src/main/AndroidManifest.xml
		INJECTED from src/main/AndroidManifest.xml
	xmlns:android
		ADDED from src/main/AndroidManifest.xml:1:11-69
uses-permission#android.permission.INTERNET
ADDED from src/main/AndroidManifest.xml:6:5-67
MERGED from [catorcity:react-native-maps:unspecified] AndroidManifest.xml:9:5-67
MERGED from [com.google.android.gms:play-services-maps:10.2.4] AndroidManifest.xml:20:5-66
	android:name
		ADDED from src/main/AndroidManifest.xml:6:22-64
uses-permission#android.permission.SYSTEM_ALERT_WINDOW
ADDED from src/main/AndroidManifest.xml:7:5-77
MERGED from [com.facebook.react:react-native:0.52.0] AndroidManifest.xml:11:5-78
	android:name
		ADDED from src/main/AndroidManifest.xml:7:22-75
uses-permission#android.permission.READ_EXTERNAL_STORAGE
ADDED from src/main/AndroidManifest.xml:8:5-80
	android:name
		ADDED from src/main/AndroidManifest.xml:8:22-77
uses-permission#android.permission.WRITE_EXTERNAL_STORAGE
ADDED from src/main/AndroidManifest.xml:9:5-81
MERGED from [catorcity:react-native-image-crop-picker:unspecified] AndroidManifest.xml:10:5-81
	android:name
		ADDED from src/main/AndroidManifest.xml:9:22-78
uses-permission#android.permission.ACCESS_FINE_LOCATION
ADDED from src/main/AndroidManifest.xml:10:5-79
	android:name
		ADDED from src/main/AndroidManifest.xml:10:22-76
uses-sdk
ADDED from src/main/AndroidManifest.xml:12:5-14:41
MERGED from [catorcity:react-native-maps:unspecified] AndroidManifest.xml:5:5-7:41
MERGED from [com.google.android.gms:play-services-maps:10.2.4] AndroidManifest.xml:23:5-43
MERGED from [com.google.android.gms:play-services-base:10.2.4] AndroidManifest.xml:17:5-43
MERGED from [com.google.android.gms:play-services-tasks:10.2.4] AndroidManifest.xml:3:5-43
MERGED from [com.google.android.gms:play-services-basement:10.2.4] AndroidManifest.xml:17:5-43
MERGED from [catorcity:react-native-vector-icons:unspecified] AndroidManifest.xml:7:5-9:41
MERGED from [catorcity:react-native-image-crop-picker:unspecified] AndroidManifest.xml:6:5-8:41
MERGED from [com.github.yalantis:ucrop:2.2.1-native] AndroidManifest.xml:8:5-10:41
MERGED from [id.zelory:compressor:2.1.0] AndroidManifest.xml:8:5-10:41
MERGED from [catorcity:react-native-fetch-blob:unspecified] AndroidManifest.xml:7:5-9:41
MERGED from [com.facebook.react:react-native:0.52.0] AndroidManifest.xml:7:5-9:41
MERGED from [com.android.support:appcompat-v7:25.0.0] AndroidManifest.xml:21:5-23:78
MERGED from [com.android.support:support-v4:25.0.0] AndroidManifest.xml:21:5-23:54
MERGED from [com.android.support:support-fragment:25.0.0] AndroidManifest.xml:21:5-23:60
MERGED from [com.android.support:support-media-compat:25.0.0] AndroidManifest.xml:21:5-23:63
MERGED from [com.android.support:support-core-ui:25.0.0] AndroidManifest.xml:21:5-23:58
MERGED from [com.android.support:support-core-utils:25.0.0] AndroidManifest.xml:21:5-23:61
MERGED from [com.android.support:animated-vector-drawable:25.0.0] AndroidManifest.xml:20:5-44
MERGED from [com.android.support:support-vector-drawable:25.0.0] AndroidManifest.xml:21:5-43
MERGED from [com.android.support:support-compat:25.0.0] AndroidManifest.xml:21:5-23:58
MERGED from [com.facebook.fbui.textlayoutbuilder:textlayoutbuilder:1.0.0] AndroidManifest.xml:14:5-16:41
MERGED from [com.facebook.fresco:fresco:1.3.0] AndroidManifest.xml:5:5-7:41
MERGED from [com.facebook.fresco:drawee:1.3.0] AndroidManifest.xml:5:5-7:41
MERGED from [com.facebook.fresco:imagepipeline-okhttp3:1.3.0] AndroidManifest.xml:5:5-7:41
MERGED from [com.facebook.fresco:imagepipeline:1.3.0] AndroidManifest.xml:5:5-7:41
MERGED from [com.facebook.fresco:imagepipeline-base:1.3.0] AndroidManifest.xml:5:5-7:41
MERGED from [com.facebook.fresco:fbcore:1.3.0] AndroidManifest.xml:5:5-7:41
MERGED from [com.facebook.soloader:soloader:0.1.0] AndroidManifest.xml:2:3-70
	tools:overrideLibrary
		ADDED from [com.android.support:appcompat-v7:25.0.0] AndroidManifest.xml:23:9-75
	android:targetSdkVersion
		ADDED from src/main/AndroidManifest.xml:14:9-38
		INJECTED from src/main/AndroidManifest.xml
		INJECTED from src/main/AndroidManifest.xml
	android:minSdkVersion
		ADDED from src/main/AndroidManifest.xml:13:9-35
		INJECTED from src/main/AndroidManifest.xml
		INJECTED from src/main/AndroidManifest.xml
application
ADDED from src/main/AndroidManifest.xml:16:5-37:19
MERGED from [com.google.android.gms:play-services-maps:10.2.4] AndroidManifest.xml:24:5-19
MERGED from [com.google.android.gms:play-services-base:10.2.4] AndroidManifest.xml:18:5-20:19
MERGED from [com.google.android.gms:play-services-tasks:10.2.4] AndroidManifest.xml:4:5-19
MERGED from [com.google.android.gms:play-services-basement:10.2.4] AndroidManifest.xml:19:5-21:19
MERGED from [catorcity:react-native-image-crop-picker:unspecified] AndroidManifest.xml:12:5-27:19
MERGED from [catorcity:react-native-fetch-blob:unspecified] AndroidManifest.xml:11:5-12:19
MERGED from [com.facebook.react:react-native:0.52.0] AndroidManifest.xml:13:5-20
MERGED from [com.android.support:appcompat-v7:25.0.0] AndroidManifest.xml:25:5-20
MERGED from [com.android.support:support-v4:25.0.0] AndroidManifest.xml:25:5-20
MERGED from [com.android.support:support-fragment:25.0.0] AndroidManifest.xml:25:5-20
MERGED from [com.android.support:support-media-compat:25.0.0] AndroidManifest.xml:25:5-20
MERGED from [com.android.support:support-core-ui:25.0.0] AndroidManifest.xml:25:5-20
MERGED from [com.android.support:support-core-utils:25.0.0] AndroidManifest.xml:25:5-20
MERGED from [com.android.support:animated-vector-drawable:25.0.0] AndroidManifest.xml:22:5-20
MERGED from [com.android.support:support-vector-drawable:25.0.0] AndroidManifest.xml:23:5-20
MERGED from [com.android.support:support-compat:25.0.0] AndroidManifest.xml:25:5-20
MERGED from [com.facebook.soloader:soloader:0.1.0] AndroidManifest.xml:3:3-17
MERGED from [org.webkit:android-jsc:r174650] AndroidManifest.xml:2:3-17
	android:label
		ADDED from src/main/AndroidManifest.xml:19:7-39
	android:allowBackup
		ADDED from src/main/AndroidManifest.xml:18:7-33
	android:icon
		ADDED from src/main/AndroidManifest.xml:20:7-41
	android:theme
		ADDED from src/main/AndroidManifest.xml:21:7-38
	android:name
		ADDED from src/main/AndroidManifest.xml:17:7-38
meta-data#com.google.android.geo.API_KEY
ADDED from src/main/AndroidManifest.xml:22:9-24:70
	android:value
		ADDED from src/main/AndroidManifest.xml:24:13-68
	android:name
		ADDED from src/main/AndroidManifest.xml:23:13-58
activity#com.catorcity.MainActivity
ADDED from src/main/AndroidManifest.xml:25:7-35:18
	android:label
		ADDED from src/main/AndroidManifest.xml:27:9-41
	android:windowSoftInputMode
		ADDED from src/main/AndroidManifest.xml:29:9-51
	android:configChanges
		ADDED from src/main/AndroidManifest.xml:28:9-79
	android:name
		ADDED from src/main/AndroidManifest.xml:26:9-37
intent-filter#android.intent.action.DOWNLOAD_COMPLETE+android.intent.action.MAIN+android.intent.category.LAUNCHER
ADDED from src/main/AndroidManifest.xml:30:9-34:25
action#android.intent.action.MAIN
ADDED from src/main/AndroidManifest.xml:31:13-65
	android:name
		ADDED from src/main/AndroidManifest.xml:31:21-62
category#android.intent.category.LAUNCHER
ADDED from src/main/AndroidManifest.xml:32:13-73
	android:name
		ADDED from src/main/AndroidManifest.xml:32:23-70
action#android.intent.action.DOWNLOAD_COMPLETE
ADDED from src/main/AndroidManifest.xml:33:13-77
	android:name
		ADDED from src/main/AndroidManifest.xml:33:21-75
activity#com.facebook.react.devsupport.DevSettingsActivity
ADDED from src/main/AndroidManifest.xml:36:7-84
	android:name
		ADDED from src/main/AndroidManifest.xml:36:17-81
uses-permission#android.permission.ACCESS_COARSE_LOCATION
ADDED from [catorcity:react-native-maps:unspecified] AndroidManifest.xml:10:5-81
	android:name
		ADDED from [catorcity:react-native-maps:unspecified] AndroidManifest.xml:10:22-78
uses-permission#android.permission.ACCESS_NETWORK_STATE
ADDED from [com.google.android.gms:play-services-maps:10.2.4] AndroidManifest.xml:19:5-78
	android:name
		ADDED from [com.google.android.gms:play-services-maps:10.2.4] AndroidManifest.xml:19:22-76
uses-feature#0x00020000
ADDED from [com.google.android.gms:play-services-maps:10.2.4] AndroidManifest.xml:21:5-77
	android:glEsVersion
		ADDED from [com.google.android.gms:play-services-maps:10.2.4] AndroidManifest.xml:21:19-51
	android:required
		ADDED from [com.google.android.gms:play-services-maps:10.2.4] AndroidManifest.xml:21:52-75
activity#com.google.android.gms.common.api.GoogleApiActivity
ADDED from [com.google.android.gms:play-services-base:10.2.4] AndroidManifest.xml:19:9-172
	android:exported
		ADDED from [com.google.android.gms:play-services-base:10.2.4] AndroidManifest.xml:19:146-170
	android:theme
		ADDED from [com.google.android.gms:play-services-base:10.2.4] AndroidManifest.xml:19:86-145
	android:name
		ADDED from [com.google.android.gms:play-services-base:10.2.4] AndroidManifest.xml:19:19-85
meta-data#com.google.android.gms.version
ADDED from [com.google.android.gms:play-services-basement:10.2.4] AndroidManifest.xml:20:9-121
	android:value
		ADDED from [com.google.android.gms:play-services-basement:10.2.4] AndroidManifest.xml:20:66-119
	android:name
		ADDED from [com.google.android.gms:play-services-basement:10.2.4] AndroidManifest.xml:20:20-65
provider#android.support.v4.content.FileProvider
ADDED from [catorcity:react-native-image-crop-picker:unspecified] AndroidManifest.xml:13:9-21:20
	android:authorities
		ADDED from [catorcity:react-native-image-crop-picker:unspecified] AndroidManifest.xml:15:13-60
	android:grantUriPermissions
		ADDED from [catorcity:react-native-image-crop-picker:unspecified] AndroidManifest.xml:17:13-47
	android:exported
		ADDED from [catorcity:react-native-image-crop-picker:unspecified] AndroidManifest.xml:16:13-37
	android:name
		ADDED from [catorcity:react-native-image-crop-picker:unspecified] AndroidManifest.xml:14:13-67
meta-data#android.support.FILE_PROVIDER_PATHS
ADDED from [catorcity:react-native-image-crop-picker:unspecified] AndroidManifest.xml:18:13-20:58
	android:resource
		ADDED from [catorcity:react-native-image-crop-picker:unspecified] AndroidManifest.xml:20:17-55
	android:name
		ADDED from [catorcity:react-native-image-crop-picker:unspecified] AndroidManifest.xml:19:17-67
activity#com.yalantis.ucrop.UCropActivity
ADDED from [catorcity:react-native-image-crop-picker:unspecified] AndroidManifest.xml:23:9-26:72
	android:screenOrientation
		ADDED from [catorcity:react-native-image-crop-picker:unspecified] AndroidManifest.xml:25:13-49
	android:theme
		ADDED from [catorcity:react-native-image-crop-picker:unspecified] AndroidManifest.xml:26:13-69
	android:name
		ADDED from [catorcity:react-native-image-crop-picker:unspecified] AndroidManifest.xml:24:13-60
android:uses-permission#android.permission.READ_PHONE_STATE
IMPLIED from src/main/AndroidManifest.xml:1:1-39:12 reason: org.webkit.android_jsc has a targetSdkVersion < 4